<?xml version="1.0" encoding="UTF-8" ?>
<testsuite tests="5" failures="0" name="TeamFive.AppTest" time="0.005" errors="0" skipped="0">
  <properties>
[...]
</properties>
  <testcase classname="TeamFive.AppTest" name="testPrinLiang" time="0.005"/>
  <testcase classname="TeamFive.AppTest" name="testPrinZhang" time="0"/>
  <testcase classname="TeamFive.AppTest" name="testPrin" time="0"/>
  <testcase classname="TeamFive.AppTest" name="testPrinChen" time="0"/>
  <testcase classname="TeamFive.AppTest" name="testPrinZhao" time="0"/>
</testsuite>